<?xml version="1.0" encoding="UTF-8"?>
<testsuite xmlns:xsi="http://www.w3.org/2001/XMLSchema-instance" xsi:noNamespaceSchemaLocation="https://maven.apache.org/surefire/maven-surefire-plugin/xsd/surefire-test-report.xsd" version="3.0.2" name="com.ticketwave.reports.infrastructure.controller.ReportControllerIntegrationTest" time="0.212" tests="4" errors="0" skipped="0" failures="0">
  <properties>
[...]
</properties>
  <testcase name="salesByEvent_groupsByEvent" classname="com.ticketwave.reports.infrastructure.controller.ReportControllerIntegrationTest" time="0.06">
    <system-out><![CDATA[2026-08-05T23:08:08.213-04:00  INFO 24444 --- [ticketorder-read] [           main] t.c.s.AnnotationConfigContextLoaderUtils : Could not detect default configuration classes for test class [com.ticketwave.reports.infrastructure.controller.ReportControllerIntegrationTest]: ReportControllerIntegrationTest does not declare any static, non-private, non-final, nested classes annotated with @Configuration.
2026-08-05T23:08:08.234-04:00  INFO 24444 --- [ticketorder-read] [           main] .b.t.c.SpringBootTestContextBootstrapper : Found @SpringBootConfiguration com.ticketwave.reports.ReportsApplication for test class com.ticketwave.reports.infrastructure.controller.ReportControllerIntegrationTest
]]></system-out>
  </testcase>
  <testcase name="orderDetail_returnsMaterializedState" classname="com.ticketwave.reports.infrastructure.controller.ReportControllerIntegrationTest" time="0.038"/>
  <testcase name="readOnlyQueries_returnProjectedData" classname="com.ticketwave.reports.infrastructure.controller.ReportControllerIntegrationTest" time="0.049"/>
  <testcase name="overview_returnsAggregatedSales" classname="com.ticketwave.reports.infrastructure.controller.ReportControllerIntegrationTest" time="0.031"/>
</testsuite>